[2016-05-25 21:16:35] admin New stopword was successfuly updated :)
[2016-05-25 21:21:12] admin deleted stopword (id) "fuck"
[2016-05-25 21:21:50] admin added new stopword "fuck"
[2016-05-25 21:22:59] admin added new stopword "beeee"
[2016-05-25 21:23:02] admin deleted stopword (6) "beeee"
[2016-05-25 21:29:26] admin created a new user "Winnie Fu***ing Pooh"
[2016-05-25 21:29:49] admin updates the stopword (8) "tester4"
[2016-05-25 21:30:00] admin updates the user (2) "tester"
[2016-05-25 21:31:48] admin deleted the user (7) "tester2"
[2016-05-25 22:54:13] admin added a new category "Flood"
[2016-05-25 22:55:32] admin deleted the category (9) "Flood"
[2016-05-26 16:10:20] admin deleted the question (21) [no category]
[2016-05-26 16:13:51] admin deleted the question (17) [no category]
[2016-05-26 16:14:41] admin deleted the question (20) [no category]
[2016-05-26 16:14:55] admin deleted the question (32) from category "PHP" (3)
[2016-05-26 16:19:45] admin added a new stopword "vk.com"
[2016-05-29 19:15:23] admin updated the question (24) from "JVilla" in category "HTML" (5)
[2016-05-29 19:22:13] admin updated the question (24) from "JVilla" in category "HTML" (5)
[2016-05-29 19:23:55] admin hides the question (15) from "Benny Niemeijer"  in category "PHP" (3)"
[2016-05-29 19:23:55] admin updated the question (15) from "Benny Niemeijer" in category "PHP" (3)
[2016-05-29 22:44:54] admin published the question (39) from "Alex Popov"  in category "PHP" (3)"
[2016-05-29 22:45:04] admin updated the question (39) from "Alex Popov" in category "PHP" (3)
[2016-05-29 22:46:19] admin updated the question (39) from "Alex Popov" in category "PHP" (3)
[2016-05-29 22:46:29] admin published the question (39) from "Alex Popov"  in category "PHP" (3)"
[2016-05-29 22:46:30] admin updated the question (39) from "Alex Popov" in category "PHP" (3)
[2016-05-29 22:48:20] admin published the question (40) from "Alex Popov"  in category "HTML" (5)"
[2016-05-29 22:48:20] admin updated the question (40) from "Alex Popov" in category "HTML" (5)
[2016-05-29 23:03:51] admin published the question (41) from "Ksenia Konovalova"  in category "PHP" (3)"
[2016-05-29 23:03:51] admin updated the question (41) from "Ksenia Konovalova" in category "PHP" (3)
